[     412ms] [WARNING] Clerk: Clerk has been loaded with development keys. Development instances have strict usage limits and should not be used when deploying your application to production. Learn more: https://clerk.com/docs/deployments/overview @ http://localhost:3333/_next/static/chunks/node_modules_next_dist_115brz8._.js:2431
[     781ms] Error: [CONVEX Q(dashboard:getCaseloadStats)] [Request ID: e79030cdea8c1e99] Server Error
Could not find public function for 'dashboard:getCaseloadStats'. Did you forget to run `npx convex dev` or `npx convex deploy`?

  Called by client
    at OptimisticQueryResults.queryResult (http://localhost:3333/_next/static/chunks/node_modules_convex_dist_esm_00xikuf._.js:2697:19)
    at BaseConvexClient.localQueryResult (http://localhost:3333/_next/static/chunks/node_modules_convex_dist_esm_00xikuf._.js:4559:44)
    at Object.localQueryResult (http://localhost:3333/_next/static/chunks/node_modules_convex_dist_esm_00xikuf._.js:6534:44)
    at QueriesObserver.getLocalResults (http://localhost:3333/_next/static/chunks/node_modules_convex_dist_esm_00xikuf._.js:6091:31)
    at useQueriesHelper.useMemo[subscription] (http://localhost:3333/_next/static/chunks/node_modules_convex_dist_esm_00xikuf._.js:6294:41)
    at useSubscription.useEffect.checkForUpdates (http://localhost:3333/_next/static/chunks/node_modules_convex_dist_esm_00xikuf._.js:6206:43)
    at basicStateReducer (http://localhost:3333/_next/static/chunks/node_modules_next_dist_compiled_react-dom_058-ah~._.js:4797:47)
    at updateReducerImpl (http://localhost:3333/_next/static/chunks/node_modules_next_dist_compiled_react-dom_058-ah~._.js:4879:79)
    at updateReducer (http://localhost:3333/_next/static/chunks/node_modules_next_dist_compiled_react-dom_058-ah~._.js:4829:16)
    at Object.useState (http://localhost:3333/_next/static/chunks/node_modules_next_dist_compiled_react-dom_058-ah~._.js:15492:24)
    at exports.useState (http://localhost:3333/_next/static/chunks/node_modules_next_dist_compiled_0rpq4pf._.js:1754:36)
    at useSubscription (http://localhost:3333/_next/static/chunks/node_modules_convex_dist_esm_00xikuf._.js:6177:205)
    at useQueriesHelper (http://localhost:3333/_next/static/chunks/node_modules_convex_dist_esm_00xikuf._.js:6308:201)
    at useQueries (http://localhost:3333/_next/static/chunks/node_modules_convex_dist_esm_00xikuf._.js:6274:12)
    at useQuery (http://localhost:3333/_next/static/chunks/node_modules_convex_dist_esm_00xikuf._.js:6771:200)
    at CaseloadDashboard (http://localhost:3333/_next/static/chunks/_0d7wq81._.js:491:191)
    at Object.react_stack_bottom_frame (http://localhost:3333/_next/static/chunks/node_modules_next_dist_compiled_react-dom_058-ah~._.js:15037:24)
    at renderWithHooks (http://localhost:3333/_next/static/chunks/node_modules_next_dist_compiled_react-dom_058-ah~._.js:4620:24)
    at updateFunctionComponent (http://localhost:3333/_next/static/chunks/node_modules_next_dist_compiled_react-dom_058-ah~._.js:6081:21)
    at beginWork (http://localhost:3333/_next/static/chunks/node_modules_next_dist_compiled_react-dom_058-ah~._.js:6691:24)
    at runWithFiberInDEV (http://localhost:3333/_next/static/chunks/node_modules_next_dist_compiled_react-dom_058-ah~._.js:965:74)
    at performUnitOfWork (http://localhost:3333/_next/static/chunks/node_modules_next_dist_compiled_react-dom_058-ah~._.js:9555:97)
    at workLoopSync (http://localhost:3333/_next/static/chunks/node_modules_next_dist_compiled_react-dom_058-ah~._.js:9449:40)
    at renderRootSync (http://localhost:3333/_next/static/chunks/node_modules_next_dist_compiled_react-dom_058-ah~._.js:9433:13)
    at performWorkOnRoot (http://localhost:3333/_next/static/chunks/node_modules_next_dist_compiled_react-dom_058-ah~._.js:9098:47)
    at performWorkOnRootViaSchedulerTask (http://localhost:3333/_next/static/chunks/node_modules_next_dist_compiled_react-dom_058-ah~._.js:10255:9)
    at MessagePort.performWorkUntilDeadline (http://localhost:3333/_next/static/chunks/node_modules_next_dist_compiled_0rpq4pf._.js:2647:64)
[  111573ms] [ERROR] WebSocket connection to 'ws://localhost:3333/_next/webpack-hmr?id=VGBhKFBKN4GMFCB_06JoE' failed:  @ http://localhost:3333/_next/static/chunks/node_modules_next_dist_client_0fhqo1d._.js:13299
[  111573ms] [ERROR] WebSocket connection to 'wss://friendly-elk-878.convex.cloud/api/1.34.0/sync' failed:  @ http://localhost:3333/_next/static/chunks/node_modules_convex_dist_esm_00xikuf._.js:3223
[  111577ms] [ERROR] WebSocket is already in CLOSING or CLOSED state. @ http://localhost:3333/_next/static/chunks/node_modules_next_dist_115brz8._.js:2790
[  112582ms] [ERROR] WebSocket connection to 'ws://localhost:3333/_next/webpack-hmr?id=VGBhKFBKN4GMFCB_06JoE' failed: Error in connection establishment: net::ERR_CONNECTION_REFUSED @ http://localhost:3333/_next/static/chunks/node_modules_next_dist_client_0fhqo1d._.js:13299
[  112765ms] [ERROR] WebSocket is already in CLOSING or CLOSED state. @ http://localhost:3333/_next/static/chunks/node_modules_next_dist_115brz8._.js:2790
[  113584ms] [ERROR] WebSocket connection to 'ws://localhost:3333/_next/webpack-hmr?id=VGBhKFBKN4GMFCB_06JoE' failed: Error in connection establishment: net::ERR_CONNECTION_REFUSED @ http://localhost:3333/_next/static/chunks/node_modules_next_dist_client_0fhqo1d._.js:13299
[  114586ms] [ERROR] WebSocket connection to 'ws://localhost:3333/_next/webpack-hmr?id=VGBhKFBKN4GMFCB_06JoE' failed: Error in connection establishment: net::ERR_CONNECTION_REFUSED @ http://localhost:3333/_next/static/chunks/node_modules_next_dist_client_0fhqo1d._.js:13299
[  124147ms] [WARNING] Clerk: Clerk has been loaded with development keys. Development instances have strict usage limits and should not be used when deploying your application to production. Learn more: https://clerk.com/docs/deployments/overview @ http://localhost:3333/_next/static/chunks/node_modules_next_dist_115brz8._.js:2431
[  124552ms] Error: [CONVEX Q(dashboard:getCaseloadStats)] [Request ID: a7450b1ff782753b] Server Error
Uncaught Error: Authentication required
    at requireAuth (../../convex/lib/auth.ts:16:9)
    at async handler (../convex/dashboard.ts:16:15)

  Called by client
    at requireAuth (../../convex/lib/auth.ts:16:9)
    at async handler (../convex/dashboard.ts:16:15)

  Called by client
    at OptimisticQueryResults.queryResult (http://localhost:3333/_next/static/chunks/node_modules_convex_dist_esm_00xikuf._.js:2697:19)
    at BaseConvexClient.localQueryResult (http://localhost:3333/_next/static/chunks/node_modules_convex_dist_esm_00xikuf._.js:4559:44)
    at Object.localQueryResult (http://localhost:3333/_next/static/chunks/node_modules_convex_dist_esm_00xikuf._.js:6534:44)
    at QueriesObserver.getLocalResults (http://localhost:3333/_next/static/chunks/node_modules_convex_dist_esm_00xikuf._.js:6091:31)
    at useQueriesHelper.useMemo[subscription] (http://localhost:3333/_next/static/chunks/node_modules_convex_dist_esm_00xikuf._.js:6294:41)
    at useSubscription.useEffect.checkForUpdates (http://localhost:3333/_next/static/chunks/node_modules_convex_dist_esm_00xikuf._.js:6206:43)
    at basicStateReducer (http://localhost:3333/_next/static/chunks/node_modules_next_dist_compiled_react-dom_058-ah~._.js:4797:47)
    at updateReducerImpl (http://localhost:3333/_next/static/chunks/node_modules_next_dist_compiled_react-dom_058-ah~._.js:4879:79)
    at updateReducer (http://localhost:3333/_next/static/chunks/node_modules_next_dist_compiled_react-dom_058-ah~._.js:4829:16)
    at Object.useState (http://localhost:3333/_next/static/chunks/node_modules_next_dist_compiled_react-dom_058-ah~._.js:15492:24)
    at exports.useState (http://localhost:3333/_next/static/chunks/node_modules_next_dist_compiled_0rpq4pf._.js:1754:36)
    at useSubscription (http://localhost:3333/_next/static/chunks/node_modules_convex_dist_esm_00xikuf._.js:6177:205)
    at useQueriesHelper (http://localhost:3333/_next/static/chunks/node_modules_convex_dist_esm_00xikuf._.js:6308:201)
    at useQueries (http://localhost:3333/_next/static/chunks/node_modules_convex_dist_esm_00xikuf._.js:6274:12)
    at useQuery (http://localhost:3333/_next/static/chunks/node_modules_convex_dist_esm_00xikuf._.js:6771:200)
    at CaseloadDashboard (http://localhost:3333/_next/static/chunks/_0d7wq81._.js:491:191)
    at Object.react_stack_bottom_frame (http://localhost:3333/_next/static/chunks/node_modules_next_dist_compiled_react-dom_058-ah~._.js:15037:24)
    at renderWithHooks (http://localhost:3333/_next/static/chunks/node_modules_next_dist_compiled_react-dom_058-ah~._.js:4620:24)
    at updateFunctionComponent (http://localhost:3333/_next/static/chunks/node_modules_next_dist_compiled_react-dom_058-ah~._.js:6081:21)
    at beginWork (http://localhost:3333/_next/static/chunks/node_modules_next_dist_compiled_react-dom_058-ah~._.js:6691:24)
    at runWithFiberInDEV (http://localhost:3333/_next/static/chunks/node_modules_next_dist_compiled_react-dom_058-ah~._.js:965:74)
    at performUnitOfWork (http://localhost:3333/_next/static/chunks/node_modules_next_dist_compiled_react-dom_058-ah~._.js:9555:97)
    at workLoopSync (http://localhost:3333/_next/static/chunks/node_modules_next_dist_compiled_react-dom_058-ah~._.js:9449:40)
    at renderRootSync (http://localhost:3333/_next/static/chunks/node_modules_next_dist_compiled_react-dom_058-ah~._.js:9433:13)
    at performWorkOnRoot (http://localhost:3333/_next/static/chunks/node_modules_next_dist_compiled_react-dom_058-ah~._.js:9098:47)
    at performWorkOnRootViaSchedulerTask (http://localhost:3333/_next/static/chunks/node_modules_next_dist_compiled_react-dom_058-ah~._.js:10255:9)
    at MessagePort.performWorkUntilDeadline (http://localhost:3333/_next/static/chunks/node_modules_next_dist_compiled_0rpq4pf._.js:2647:64)
